#
# A fatal error has been detected by the Java Runtime Environment:
#
#  EXCEPTION_ACCESS_VIOLATION (0xc0000005) at pc=0x00000000599acc23, pid=372, tid=18556
#
# JRE version: Java(TM) SE Runtime Environment (10.0.2+13) (build 10.0.2+13)
# Java VM: Java HotSpot(TM) 64-Bit Server VM (10.0.2+13, mixed mode, tiered, compressed oops, g1 gc, windows-amd64)
# Problematic frame:
# V  [jvm.dll+0x31cc23]
#
# No core dump will be written. Minidumps are not enabled by default on client versions of Windows
#
# If you would like to submit a bug report, please visit:
#   http://bugreport.java.com/bugreport/crash.jsp
#

---------------  S U M M A R Y ------------

Command Line: -agentlib:jdwp=transport=dt_socket,address=127.0.0.1:58511,suspend=y,server=n -ea -Didea.test.cyclic.buffer.size=1048576 -javaagent:C:\Users\Paderina_L\.IdeaIC2018.2\system\captureAgent\debugger-agent.jar=file:/C:/Users/Paderina_L/AppData/Local/Temp/capture.props -Dfile.encoding=UTF-8 org.testng.RemoteTestNGStarter -usedefaultlisteners false -socket58510 @w@C:\Users\Paderina_L\AppData\Local\Temp\idea_working_dirs_testng1.tmp -temp C:\Users\Paderina_L\AppData\Local\Temp\idea_testng1.tmp

Host: Intel(R) Core(TM) i7-7700 CPU @ 3.60GHz, 8 cores, 15G,  Windows 10 , 64 bit Build 17134 (10.0.17134.1)
Time: Tue Oct 09 12:52:48 2018 Aaea?onu (ceia) elapsed time: 139 seconds (0d 0h 2m 19s)

---------------  T H R E A D  ---------------

Current thread (0x0000020bfee7c000):  VMThread "VM Thread" [stack: 0x00000078c0900000,0x00000078c0a00000] [id=18556]

Stack: [0x00000078c0900000,0x00000078c0a00000],  sp=0x00000078c09ff400,  free space=1021k
Native frames: (J=compiled Java code, j=interpreted, Vv=VM code, C=native code)
V  [jvm.dll+0x31cc23]
V  [jvm.dll+0x320673]
V  [jvm.dll+0x320a62]
V  [jvm.dll+0x31ced5]
V  [jvm.dll+0x59097f]
V  [jvm.dll+0x590d66]
V  [jvm.dll+0x590b26]
V  [jvm.dll+0x55c148]
V  [jvm.dll+0x473bca]
V  [jvm.dll+0x6c47bc]
V  [jvm.dll+0x6c2f25]
V  [jvm.dll+0x6c3730]
V  [jvm.dll+0x6c3a6c]
V  [jvm.dll+0x59f4b0]
C  [msvcr120.dll+0x24f7f]
C  [msvcr120.dll+0x25126]
C  [KERNEL32.DLL+0x13034]
C  [ntdll.dll+0x71431]


siginfo: EXCEPTION_ACCESS_VIOLATION (0xc0000005), reading address 0xffffffffffffffff


Register to memory mapping:

RIP=0x00000000599acc23 jvm.dll
RAX=0x0000020bfbb6a2b0 is an unknown value
RBX=0x00000078c09ff620 is an unknown value
RCX=0x00000078c09ff690 is an unknown value
RDX=0xffffffffffffcb6d is an unknown value
RSP=0x00000078c09ff400 is an unknown value
RBP=0x00000078c09ff460 is an unknown value
RSI=0x0000000000000000 is an unknown value
RDI=0x000000000000009a is an unknown value
R8 =0x03ffffffffffff2d is an unknown value
R9 =0x000000000000002d is an unknown value
R10=0x0000000000000153 is an unknown value
R11=0x00000007c00bd0b0 is pointing into metadata
R12=0x0000000000000000 is an unknown value
R13=0x00000000000003d8 is an unknown value
R14=0x00000000599acc00 jvm.dll
R15=0x000000000000015a is an unknown value


Registers:
RAX=0x0000020bfbb6a2b0, RBX=0x00000078c09ff620, RCX=0x00000078c09ff690, RDX=0xffffffffffffcb6d
RSP=0x00000078c09ff400, RBP=0x00000078c09ff460, RSI=0x0000000000000000, RDI=0x000000000000009a
R8 =0x03ffffffffffff2d, R9 =0x000000000000002d, R10=0x0000000000000153, R11=0x00000007c00bd0b0
R12=0x0000000000000000, R13=0x00000000000003d8, R14=0x00000000599acc00, R15=0x000000000000015a
RIP=0x00000000599acc23, EFLAGS=0x0000000000010a07

Top of Stack: (sp=0x00000078c09ff400)
0x00000078c09ff400:   0000020bd5970de0 0000000000130000
0x00000078c09ff410:   0000000000000000 0000000000000000
0x00000078c09ff420:   00000078c09ff620 00000000599b0673
0x00000078c09ff430:   00000000001313ca 00000078c09ff620
0x00000078c09ff440:   00000078c09ff560 a6dd011695432f08
0x00000078c09ff450:   00000078c09ff4b0 00000000599b1054
0x00000078c09ff460:   0000020bfbb6a5e8 0000000000000001
0x00000078c09ff470:   000000000000009a 0000020bfbb6a200
0x00000078c09ff480:   000000000000015a 00000000599b0a62
0x00000078c09ff490:   0000000000000155 0000000000000001
0x00000078c09ff4a0:   00000078c09ff620 0000020bfbb6a200
0x00000078c09ff4b0:   0000020bffd017e0 0000020bfee7c000
0x00000078c09ff4c0:   0000015d0000015a 0000009a0000016e
0x00000078c09ff4d0:   0000016e00000000 ffffffff0000009a
0x00000078c09ff4e0:   0000020bfbb6a5e8 0000000000000000
0x00000078c09ff4f0:   0000000059e0d698 00000000599aced5 

Instructions: (pc=0x00000000599acc23)
0x00000000599acc03:   83 ec 20 48 63 d2 48 8b d9 48 83 c1 70 0f b6 c2
0x00000000599acc13:   4c 8b c2 24 3f 49 c1 e8 06 44 0f b6 c8 48 8b 01
0x00000000599acc23:   4e 8b 04 c0 4d 0f a3 c8 72 0b 41 b0 01 e8 3b 89
0x00000000599acc33:   de ff ff 43 6c 48 83 c4 20 5b c3 cc cc 48 83 ec 


VM_Operation (0x00000078c13ff230): GetOrSetLocal, mode: safepoint, requested by thread 0x0000020bff6b2800


---------------  P R O C E S S  ---------------

Threads class SMR info:
_java_thread_list=0x0000020b8068ec30, length=21, elements={
0x0000020bd7be9000, 0x0000020bfee92000, 0x0000020bfee93000, 0x0000020bfee8d000,
0x0000020bfee8e000, 0x0000020bfee8e800, 0x0000020bfeede800, 0x0000020bfef02800,
0x0000020bfef05000, 0x0000020bfef34800, 0x0000020bff6b2800, 0x0000020bff4c9800,
0x0000020bff48b000, 0x0000020bff66d800, 0x0000020bff74a800, 0x0000020b80197800,
0x0000020b8040a800, 0x0000020b80409800, 0x0000020b80234000, 0x0000020b801aa800,
0x0000020b80310000
}

Java Threads: ( => current thread )
  0x0000020bd7be9000 JavaThread "main" [_thread_blocked, id=24720, stack(0x00000078bf400000,0x00000078bf500000)]
  0x0000020bfee92000 JavaThread "Reference Handler" daemon [_thread_blocked, id=580, stack(0x00000078c0a00000,0x00000078c0b00000)]
  0x0000020bfee93000 JavaThread "Finalizer" daemon [_thread_blocked, id=12016, stack(0x00000078c0b00000,0x00000078c0c00000)]
  0x0000020bfee8d000 JavaThread "Signal Dispatcher" daemon [_thread_blocked, id=23472, stack(0x00000078c0c00000,0x00000078c0d00000)]
  0x0000020bfee8e000 JavaThread "Attach Listener" daemon [_thread_blocked, id=13968, stack(0x00000078c0d00000,0x00000078c0e00000)]
  0x0000020bfee8e800 JavaThread "C2 CompilerThread0" daemon [_thread_blocked, id=23696, stack(0x00000078c0e00000,0x00000078c0f00000)]
  0x0000020bfeede800 JavaThread "C2 CompilerThread1" daemon [_thread_blocked, id=1096, stack(0x00000078c0f00000,0x00000078c1000000)]
  0x0000020bfef02800 JavaThread "C2 CompilerThread2" daemon [_thread_blocked, id=5136, stack(0x00000078c1000000,0x00000078c1100000)]
  0x0000020bfef05000 JavaThread "C1 CompilerThread3" daemon [_thread_blocked, id=23804, stack(0x00000078c1100000,0x00000078c1200000)]
  0x0000020bfef34800 JavaThread "Sweeper thread" daemon [_thread_blocked, id=25984, stack(0x00000078c1200000,0x00000078c1300000)]
  0x0000020bff6b2800 JavaThread "JDWP Transport Listener: dt_socket" daemon [_thread_blocked, id=27160, stack(0x00000078c1300000,0x00000078c1400000)] _threads_hazard_ptr=0x0000020b8068ec30
  0x0000020bff4c9800 JavaThread "JDWP Event Helper Thread" daemon [_thread_blocked, id=9344, stack(0x00000078c1400000,0x00000078c1500000)]
  0x0000020bff48b000 JavaThread "JDWP Command Reader" daemon [_thread_in_native, id=17884, stack(0x00000078c1500000,0x00000078c1600000)]
  0x0000020bff66d800 JavaThread "Common-Cleaner" daemon [_thread_blocked, id=26444, stack(0x00000078c1600000,0x00000078c1700000)]
  0x0000020bff74a800 JavaThread "Service Thread" daemon [_thread_blocked, id=5140, stack(0x00000078c1700000,0x00000078c1800000)]
  0x0000020b80197800 JavaThread "Exec Default Executor" daemon [_thread_in_native, id=26300, stack(0x00000078c1900000,0x00000078c1a00000)]
  0x0000020b8040a800 JavaThread "UrlChecker-2" daemon [_thread_blocked, id=23988, stack(0x00000078c1a00000,0x00000078c1b00000)]
  0x0000020b80409800 JavaThread "Exec Stream Pumper" daemon [_thread_in_native, id=27612, stack(0x00000078c1c00000,0x00000078c1d00000)]
  0x0000020b80234000 JavaThread "Exec Stream Pumper" daemon [_thread_in_native, id=22428, stack(0x00000078c1d00000,0x00000078c1e00000)]
  0x0000020b801aa800 JavaThread "OkHttp ConnectionPool" daemon [_thread_blocked, id=27416, stack(0x00000078c1f00000,0x00000078c2000000)]
  0x0000020b80310000 JavaThread "Okio Watchdog" daemon [_thread_blocked, id=4516, stack(0x00000078c2000000,0x00000078c2100000)]

Other Threads:
=>0x0000020bfee7c000 VMThread "VM Thread" [stack: 0x00000078c0900000,0x00000078c0a00000] [id=18556]
  0x0000020bff7bd800 WatcherThread [stack: 0x00000078c1800000,0x00000078c1900000] [id=26868]
  0x0000020bd7c02000 GCTaskThread "GC Thread#0" [stack: 0x00000078bf500000,0x00000078bf600000] [id=5940]
  0x0000020bd7c03800 GCTaskThread "GC Thread#1" [stack: 0x00000078bf600000,0x00000078bf700000] [id=22424]
  0x0000020bd7c05800 GCTaskThread "GC Thread#2" [stack: 0x00000078bf700000,0x00000078bf800000] [id=16712]
  0x0000020bd7c09000 GCTaskThread "GC Thread#3" [stack: 0x00000078bf800000,0x00000078bf900000] [id=23720]
  0x0000020bd7c0c000 GCTaskThread "GC Thread#4" [stack: 0x00000078bf900000,0x00000078bfa00000] [id=20656]
  0x0000020bd7c17800 GCTaskThread "GC Thread#5" [stack: 0x00000078bfa00000,0x00000078bfb00000] [id=13628]
  0x0000020bd7c1e000 GCTaskThread "GC Thread#6" [stack: 0x00000078bfb00000,0x00000078bfc00000] [id=13792]
  0x0000020bd7c23800 GCTaskThread "GC Thread#7" [stack: 0x00000078bfc00000,0x00000078bfd00000] [id=26904]
  0x0000020bd7ca8800 ConcurrentGCThread "G1 Main Marker" [stack: 0x00000078bfd00000,0x00000078bfe00000] [id=2928]
  0x0000020bd7ca9000 ConcurrentGCThread "G1 Conc#0" [stack: 0x00000078bfe00000,0x00000078bff00000] [id=5848]
  0x0000020bd7caa800 ConcurrentGCThread "G1 Conc#1" [stack: 0x00000078bff00000,0x00000078c0000000] [id=25620]
  0x0000020bfbb64000 ConcurrentGCThread "G1 Refine#0" [stack: 0x00000078c0000000,0x00000078c0100000] [id=26672]
  0x0000020bfbb64800 ConcurrentGCThread "G1 Refine#1" [stack: 0x00000078c0100000,0x00000078c0200000] [id=15948]
  0x0000020bfbb65800 ConcurrentGCThread "G1 Refine#2" [stack: 0x00000078c0200000,0x00000078c0300000] [id=18596]
  0x0000020bfbb66000 ConcurrentGCThread "G1 Refine#3" [stack: 0x00000078c0300000,0x00000078c0400000] [id=12124]
  0x0000020bfbb6e000 ConcurrentGCThread "G1 Refine#4" [stack: 0x00000078c0400000,0x00000078c0500000] [id=20080]
  0x0000020bfbb6e800 ConcurrentGCThread "G1 Refine#5" [stack: 0x00000078c0500000,0x00000078c0600000] [id=12748]
  0x0000020bfbb77800 ConcurrentGCThread "G1 Refine#6" [stack: 0x00000078c0600000,0x00000078c0700000] [id=23576]
  0x0000020bfbb78000 ConcurrentGCThread "G1 Refine#7" [stack: 0x00000078c0700000,0x00000078c0800000] [id=22632]
  0x0000020bfbb79000 ConcurrentGCThread "G1 Young RemSet Sampling" [stack: 0x00000078c0800000,0x00000078c0900000] [id=14404]

Threads with active compile tasks:

VM state:at safepoint (normal execution)

VM Mutex/Monitor currently owned by a thread:  ([mutex/lock_event])
[0x0000020bd7be5190] Threads_lock - owner thread: 0x0000020bfee7c000

Heap address: 0x00000006c1a00000, size: 4070 MB, Compressed Oops mode: Zero based, Oop shift amount: 3
Narrow klass base: 0x0000000000000000, Narrow klass shift: 3
Compressed class space size: 1073741824 Address: 0x00000007c0000000

Heap:
 garbage-first heap   total 262144K, used 10978K [0x00000006c1a00000, 0x00000007c0000000)
  region size 1024K, 12 young (12288K), 6 survivors (6144K)
 Metaspace       used 22056K, capacity 22548K, committed 22960K, reserved 1069056K
  class space    used 2311K, capacity 2534K, committed 2560K, reserved 1048576K
Heap Regions: E=young(eden), S=young(survivor), O=old, HS=humongous(starts), HC=humongous(continues), CS=collection set, F=free, A=archive, TS=gc time stamp, AC=allocation context, TAMS=top-at-mark-start (previous, next)
|   0|0x00000006c1a00000, 0x00000006c1a98800, 0x00000006c1b00000| 59%| O|  |TS  0|AC  0|TAMS 0x00000006c1a98800, 0x00000006c1a98800|
|   1|0x00000006c1b00000, 0x00000006c1b00000, 0x00000006c1c00000|  0%| F|  |TS  0|AC  0|TAMS 0x00000006c1b00000, 0x00000006c1b00000|
|   2|0x00000006c1c00000, 0x00000006c1c00000, 0x00000006c1d00000|  0%| F|  |TS  0|AC  0|TAMS 0x00000006c1c00000, 0x00000006c1c00000|
|   3|0x00000006c1d00000, 0x00000006c1d00000, 0x00000006c1e00000|  0%| F|  |TS  0|AC  0|TAMS 0x00000006c1d00000, 0x00000006c1d00000|
|   4|0x00000006c1e00000, 0x00000006c1e00000, 0x00000006c1f00000|  0%| F|  |TS  0|AC  0|TAMS 0x00000006c1e00000, 0x00000006c1e00000|
|   5|0x00000006c1f00000, 0x00000006c1f00000, 0x00000006c2000000|  0%| F|  |TS  0|AC  0|TAMS 0x00000006c1f00000, 0x00000006c1f00000|
|   6|0x00000006c2000000, 0x00000006c2000000, 0x00000006c2100000|  0%| F|  |TS  0|AC  0|TAMS 0x00000006c2000000, 0x00000006c2000000|
|   7|0x00000006c2100000, 0x00000006c2100000, 0x00000006c2200000|  0%| F|  |TS  0|AC  0|TAMS 0x00000006c2100000, 0x00000006c2100000|
|   8|0x00000006c2200000, 0x00000006c2200000, 0x00000006c2300000|  0%| F|  |TS  0|AC  0|TAMS 0x00000006c2200000, 0x00000006c2200000|
|   9|0x00000006c2300000, 0x00000006c2300000, 0x00000006c2400000|  0%| F|  |TS  0|AC  0|TAMS 0x00000006c2300000, 0x00000006c2300000|
|  10|0x00000006c2400000, 0x00000006c2400000, 0x00000006c2500000|  0%| F|  |TS  0|AC  0|TAMS 0x00000006c2400000, 0x00000006c2400000|
|  11|0x00000006c2500000, 0x00000006c2500000, 0x00000006c2600000|  0%| F|  |TS  0|AC  0|TAMS 0x00000006c2500000, 0x00000006c2500000|
|  12|0x00000006c2600000, 0x00000006c2600000, 0x00000006c2700000|  0%| F|  |TS  0|AC  0|TAMS 0x00000006c2600000, 0x00000006c2600000|
|  13|0x00000006c2700000, 0x00000006c2700000, 0x00000006c2800000|  0%| F|  |TS  0|AC  0|TAMS 0x00000006c2700000, 0x00000006c2700000|
|  14|0x00000006c2800000, 0x00000006c2800000, 0x00000006c2900000|  0%| F|  |TS  0|AC  0|TAMS 0x00000006c2800000, 0x00000006c2800000|
|  15|0x00000006c2900000, 0x00000006c2900000, 0x00000006c2a00000|  0%| F|  |TS  0|AC  0|TAMS 0x00000006c2900000, 0x00000006c2900000|
|  16|0x00000006c2a00000, 0x00000006c2a00000, 0x00000006c2b00000|  0%| F|  |TS  0|AC  0|TAMS 0x00000006c2a00000, 0x00000006c2a00000|
|  17|0x00000006c2b00000, 0x00000006c2b00000, 0x00000006c2c00000|  0%| F|  |TS  0|AC  0|TAMS 0x00000006c2b00000, 0x00000006c2b00000|
|  18|0x00000006c2c00000, 0x00000006c2c00000, 0x00000006c2d00000|  0%| F|  |TS  0|AC  0|TAMS 0x00000006c2c00000, 0x00000006c2c00000|
|  19|0x00000006c2d00000, 0x00000006c2d00000, 0x00000006c2e00000|  0%| F|  |TS  0|AC  0|TAMS 0x00000006c2d00000, 0x00000006c2d00000|
|  20|0x00000006c2e00000, 0x00000006c2e00000, 0x00000006c2f00000|  0%| F|  |TS  0|AC  0|TAMS 0x00000006c2e00000, 0x00000006c2e00000|
|  21|0x00000006c2f00000, 0x00000006c2f00000, 0x00000006c3000000|  0%| F|  |TS  0|AC  0|TAMS 0x00000006c2f00000, 0x00000006c2f00000|
|  22|0x00000006c3000000, 0x00000006c3000000, 0x00000006c3100000|  0%| F|  |TS  0|AC  0|TAMS 0x00000006c3000000, 0x00000006c3000000|
|  23|0x00000006c3100000, 0x00000006c3100000, 0x00000006c3200000|  0%| F|  |TS  0|AC  0|TAMS 0x00000006c3100000, 0x00000006c3100000|
|  24|0x00000006c3200000, 0x00000006c3200000, 0x00000006c3300000|  0%| F|  |TS  0|AC  0|TAMS 0x00000006c3200000, 0x00000006c3200000|
|  25|0x00000006c3300000, 0x00000006c3300000, 0x00000006c3400000|  0%| F|  |TS  0|AC  0|TAMS 0x00000006c3300000, 0x00000006c3300000|
|  26|0x00000006c3400000, 0x00000006c3400000, 0x00000006c3500000|  0%| F|  |TS  0|AC  0|TAMS 0x00000006c3400000, 0x00000006c3400000|
|  27|0x00000006c3500000, 0x00000006c3500000, 0x00000006c3600000|  0%| F|  |TS  0|AC  0|TAMS 0x00000006c3500000, 0x00000006c3500000|
|  28|0x00000006c3600000, 0x00000006c3600000, 0x00000006c3700000|  0%| F|  |TS  0|AC  0|TAMS 0x00000006c3600000, 0x00000006c3600000|
|  29|0x00000006c3700000, 0x00000006c3700000, 0x00000006c3800000|  0%| F|  |TS  0|AC  0|TAMS 0x00000006c3700000, 0x00000006c3700000|
|  30|0x00000006c3800000, 0x00000006c3800000, 0x00000006c3900000|  0%| F|  |TS  0|AC  0|TAMS 0x00000006c3800000, 0x00000006c3800000|
|  31|0x00000006c3900000, 0x00000006c3900000, 0x00000006c3a00000|  0%| F|  |TS  0|AC  0|TAMS 0x00000006c3900000, 0x00000006c3900000|
|  32|0x00000006c3a00000, 0x00000006c3a00000, 0x00000006c3b00000|  0%| F|  |TS  0|AC  0|TAMS 0x00000006c3a00000, 0x00000006c3a00000|
|  33|0x00000006c3b00000, 0x00000006c3b00000, 0x00000006c3c00000|  0%| F|  |TS  0|AC  0|TAMS 0x00000006c3b00000, 0x00000006c3b00000|
|  34|0x00000006c3c00000, 0x00000006c3c00000, 0x00000006c3d00000|  0%| F|  |TS  0|AC  0|TAMS 0x00000006c3c00000, 0x00000006c3c00000|
|  35|0x00000006c3d00000, 0x00000006c3d00000, 0x00000006c3e00000|  0%| F|  |TS  0|AC  0|TAMS 0x00000006c3d00000, 0x00000006c3d00000|
|  36|0x00000006c3e00000, 0x00000006c3e00000, 0x00000006c3f00000|  0%| F|  |TS  0|AC  0|TAMS 0x00000006c3e00000, 0x00000006c3e00000|
|  37|0x00000006c3f00000, 0x00000006c3f00000, 0x00000006c4000000|  0%| F|  |TS  0|AC  0|TAMS 0x00000006c3f00000, 0x00000006c3f00000|
|  38|0x00000006c4000000, 0x00000006c4000000, 0x00000006c4100000|  0%| F|  |TS  0|AC  0|TAMS 0x00000006c4000000, 0x00000006c4000000|
|  39|0x00000006c4100000, 0x00000006c4100000, 0x00000006c4200000|  0%| F|  |TS  0|AC  0|TAMS 0x00000006c4100000, 0x00000006c4100000|
|  40|0x00000006c4200000, 0x00000006c4200000, 0x00000006c4300000|  0%| F|  |TS  0|AC  0|TAMS 0x00000006c4200000, 0x00000006c4200000|
|  41|0x00000006c4300000, 0x00000006c4300000, 0x00000006c4400000|  0%| F|  |TS  0|AC  0|TAMS 0x00000006c4300000, 0x00000006c4300000|
|  42|0x00000006c4400000, 0x00000006c4400000, 0x00000006c4500000|  0%| F|  |TS  0|AC  0|TAMS 0x00000006c4400000, 0x00000006c4400000|
|  43|0x00000006c4500000, 0x00000006c4500000, 0x00000006c4600000|  0%| F|  |TS  0|AC  0|TAMS 0x00000006c4500000, 0x00000006c4500000|
|  44|0x00000006c4600000, 0x00000006c4600000, 0x00000006c4700000|  0%| F|  |TS  0|AC  0|TAMS 0x00000006c4600000, 0x00000006c4600000|
|  45|0x00000006c4700000, 0x00000006c4700000, 0x00000006c4800000|  0%| F|  |TS  0|AC  0|TAMS 0x00000006c4700000, 0x00000006c4700000|
|  46|0x00000006c4800000, 0x00000006c4800000, 0x00000006c4900000|  0%| F|  |TS  0|AC  0|TAMS 0x00000006c4800000, 0x00000006c4800000|
|  47|0x00000006c4900000, 0x00000006c4900000, 0x00000006c4a00000|  0%| F|  |TS  0|AC  0|TAMS 0x00000006c4900000, 0x00000006c4900000|
|  48|0x00000006c4a00000, 0x00000006c4a00000, 0x00000006c4b00000|  0%| F|  |TS  0|AC  0|TAMS 0x00000006c4a00000, 0x00000006c4a00000|
|  49|0x00000006c4b00000, 0x00000006c4b00000, 0x00000006c4c00000|  0%| F|  |TS  0|AC  0|TAMS 0x00000006c4b00000, 0x00000006c4b00000|
|  50|0x00000006c4c00000, 0x00000006c4c00000, 0x00000006c4d00000|  0%| F|  |TS  0|AC  0|TAMS 0x00000006c4c00000, 0x00000006c4c00000|
|  51|0x00000006c4d00000, 0x00000006c4d00000, 0x00000006c4e00000|  0%| F|  |TS  0|AC  0|TAMS 0x00000006c4d00000, 0x00000006c4d00000|
|  52|0x00000006c4e00000, 0x00000006c4e00000, 0x00000006c4f00000|  0%| F|  |TS  0|AC  0|TAMS 0x00000006c4e00000, 0x00000006c4e00000|
|  53|0x00000006c4f00000, 0x00000006c4f00000, 0x00000006c5000000|  0%| F|  |TS  0|AC  0|TAMS 0x00000006c4f00000, 0x00000006c4f00000|
|  54|0x00000006c5000000, 0x00000006c5000000, 0x00000006c5100000|  0%| F|  |TS  0|AC  0|TAMS 0x00000006c5000000, 0x00000006c5000000|
|  55|0x00000006c5100000, 0x00000006c5100000, 0x00000006c5200000|  0%| F|  |TS  0|AC  0|TAMS 0x00000006c5100000, 0x00000006c5100000|
|  56|0x00000006c5200000, 0x00000006c5200000, 0x00000006c5300000|  0%| F|  |TS  0|AC  0|TAMS 0x00000006c5200000, 0x00000006c5200000|
|  57|0x00000006c5300000, 0x00000006c5300000, 0x00000006c5400000|  0%| F|  |TS  0|AC  0|TAMS 0x00000006c5300000, 0x00000006c5300000|
|  58|0x00000006c5400000, 0x00000006c5400000, 0x00000006c5500000|  0%| F|  |TS  0|AC  0|TAMS 0x00000006c5400000, 0x00000006c5400000|
|  59|0x00000006c5500000, 0x00000006c5500000, 0x00000006c5600000|  0%| F|  |TS  0|AC  0|TAMS 0x00000006c5500000, 0x00000006c5500000|
|  60|0x00000006c5600000, 0x00000006c5600000, 0x00000006c5700000|  0%| F|  |TS  0|AC  0|TAMS 0x00000006c5600000, 0x00000006c5600000|
|  61|0x00000006c5700000, 0x00000006c5700000, 0x00000006c5800000|  0%| F|  |TS  0|AC  0|TAMS 0x00000006c5700000, 0x00000006c5700000|
|  62|0x00000006c5800000, 0x00000006c5800000, 0x00000006c5900000|  0%| F|  |TS  0|AC  0|TAMS 0x00000006c5800000, 0x00000006c5800000|
|  63|0x00000006c5900000, 0x00000006c5900000, 0x00000006c5a00000|  0%| F|  |TS  0|AC  0|TAMS 0x00000006c5900000, 0x00000006c5900000|
|  64|0x00000006c5a00000, 0x00000006c5a00000, 0x00000006c5b00000|  0%| F|  |TS  0|AC  0|TAMS 0x00000006c5a00000, 0x00000006c5a00000|
|  65|0x00000006c5b00000, 0x00000006c5b00000, 0x00000006c5c00000|  0%| F|  |TS  0|AC  0|TAMS 0x00000006c5b00000, 0x00000006c5b00000|
|  66|0x00000006c5c00000, 0x00000006c5c00000, 0x00000006c5d00000|  0%| F|  |TS  0|AC  0|TAMS 0x00000006c5c00000, 0x00000006c5c00000|
|  67|0x00000006c5d00000, 0x00000006c5d00000, 0x00000006c5e00000|  0%| F|  |TS  0|AC  0|TAMS 0x00000006c5d00000, 0x00000006c5d00000|
|  68|0x00000006c5e00000, 0x00000006c5e00000, 0x00000006c5f00000|  0%| F|  |TS  0|AC  0|TAMS 0x00000006c5e00000, 0x00000006c5e00000|
|  69|0x00000006c5f00000, 0x00000006c5f00000, 0x00000006c6000000|  0%| F|  |TS  0|AC  0|TAMS 0x00000006c5f00000, 0x00000006c5f00000|
|  70|0x00000006c6000000, 0x00000006c6000000, 0x00000006c6100000|  0%| F|  |TS  0|AC  0|TAMS 0x00000006c6000000, 0x00000006c6000000|
|  71|0x00000006c6100000, 0x00000006c6100000, 0x00000006c6200000|  0%| F|  |TS  0|AC  0|TAMS 0x00000006c6100000, 0x00000006c6100000|
|  72|0x00000006c6200000, 0x00000006c6200000, 0x00000006c6300000|  0%| F|  |TS  0|AC  0|TAMS 0x00000006c6200000, 0x00000006c6200000|
|  73|0x00000006c6300000, 0x00000006c6300000, 0x00000006c6400000|  0%| F|  |TS  0|AC  0|TAMS 0x00000006c6300000, 0x00000006c6300000|
|  74|0x00000006c6400000, 0x00000006c6400000, 0x00000006c6500000|  0%| F|  |TS  0|AC  0|TAMS 0x00000006c6400000, 0x00000006c6400000|
|  75|0x00000006c6500000, 0x00000006c6500000, 0x00000006c6600000|  0%| F|  |TS  0|AC  0|TAMS 0x00000006c6500000, 0x00000006c6500000|
|  76|0x00000006c6600000, 0x00000006c6600000, 0x00000006c6700000|  0%| F|  |TS  0|AC  0|TAMS 0x00000006c6600000, 0x00000006c6600000|
|  77|0x00000006c6700000, 0x00000006c6700000, 0x00000006c6800000|  0%| F|  |TS  0|AC  0|TAMS 0x00000006c6700000, 0x00000006c6700000|
|  78|0x00000006c6800000, 0x00000006c6800000, 0x00000006c6900000|  0%| F|  |TS  0|AC  0|TAMS 0x00000006c6800000, 0x00000006c6800000|
|  79|0x00000006c6900000, 0x00000006c6900000, 0x00000006c6a00000|  0%| F|  |TS  0|AC  0|TAMS 0x00000006c6900000, 0x00000006c6900000|
|  80|0x00000006c6a00000, 0x00000006c6a00000, 0x00000006c6b00000|  0%| F|  |TS  0|AC  0|TAMS 0x00000006c6a00000, 0x00000006c6a00000|
|  81|0x00000006c6b00000, 0x00000006c6b00000, 0x00000006c6c00000|  0%| F|  |TS  0|AC  0|TAMS 0x00000006c6b00000, 0x00000006c6b00000|
|  82|0x00000006c6c00000, 0x00000006c6c00000, 0x00000006c6d00000|  0%| F|  |TS  0|AC  0|TAMS 0x00000006c6c00000, 0x00000006c6c00000|
|  83|0x00000006c6d00000, 0x00000006c6d00000, 0x00000006c6e00000|  0%| F|  |TS  0|AC  0|TAMS 0x00000006c6d00000, 0x00000006c6d00000|
|  84|0x00000006c6e00000, 0x00000006c6e00000, 0x00000006c6f00000|  0%| F|  |TS  0|AC  0|TAMS 0x00000006c6e00000, 0x00000006c6e00000|
|  85|0x00000006c6f00000, 0x00000006c6f00000, 0x00000006c7000000|  0%| F|  |TS  0|AC  0|TAMS 0x00000006c6f00000, 0x00000006c6f00000|
|  86|0x00000006c7000000, 0x00000006c7000000, 0x00000006c7100000|  0%| F|  |TS  0|AC  0|TAMS 0x00000006c7000000, 0x00000006c7000000|
|  87|0x00000006c7100000, 0x00000006c7100000, 0x00000006c7200000|  0%| F|  |TS  0|AC  0|TAMS 0x00000006c7100000, 0x00000006c7100000|
|  88|0x00000006c7200000, 0x00000006c7200000, 0x00000006c7300000|  0%| F|  |TS  0|AC  0|TAMS 0x00000006c7200000, 0x00000006c7200000|
|  89|0x00000006c7300000, 0x00000006c7300000, 0x00000006c7400000|  0%| F|  |TS  0|AC  0|TAMS 0x00000006c7300000, 0x00000006c7300000|
|  90|0x00000006c7400000, 0x00000006c7400000, 0x00000006c7500000|  0%| F|  |TS  0|AC  0|TAMS 0x00000006c7400000, 0x00000006c7400000|
|  91|0x00000006c7500000, 0x00000006c7500000, 0x00000006c7600000|  0%| F|  |TS  0|AC  0|TAMS 0x00000006c7500000, 0x00000006c7500000|
|  92|0x00000006c7600000, 0x00000006c7600000, 0x00000006c7700000|  0%| F|  |TS  0|AC  0|TAMS 0x00000006c7600000, 0x00000006c7600000|
|  93|0x00000006c7700000, 0x00000006c7700000, 0x00000006c7800000|  0%| F|  |TS  0|AC  0|TAMS 0x00000006c7700000, 0x00000006c7700000|
|  94|0x00000006c7800000, 0x00000006c7800000, 0x00000006c7900000|  0%| F|  |TS  0|AC  0|TAMS 0x00000006c7800000, 0x00000006c7800000|
|  95|0x00000006c7900000, 0x00000006c7900000, 0x00000006c7a00000|  0%| F|  |TS  0|AC  0|TAMS 0x00000006c7900000, 0x00000006c7900000|
|  96|0x00000006c7a00000, 0x00000006c7a00000, 0x00000006c7b00000|  0%| F|  |TS  0|AC  0|TAMS 0x00000006c7a00000, 0x00000006c7a00000|
|  97|0x00000006c7b00000, 0x00000006c7b00000, 0x00000006c7c00000|  0%| F|  |TS  0|AC  0|TAMS 0x00000006c7b00000, 0x00000006c7b00000|
|  98|0x00000006c7c00000, 0x00000006c7c00000, 0x00000006c7d00000|  0%| F|  |TS  0|AC  0|TAMS 0x00000006c7c00000, 0x00000006c7c00000|
|  99|0x00000006c7d00000, 0x00000006c7d00000, 0x00000006c7e00000|  0%| F|  |TS  0|AC  0|TAMS 0x00000006c7d00000, 0x00000006c7d00000|
| 100|0x00000006c7e00000, 0x00000006c7e00000, 0x00000006c7f00000|  0%| F|  |TS  0|AC  0|TAMS 0x00000006c7e00000, 0x00000006c7e00000|
| 101|0x00000006c7f00000, 0x00000006c7f00000, 0x00000006c8000000|  0%| F|  |TS  0|AC  0|TAMS 0x00000006c7f00000, 0x00000006c7f00000|
| 102|0x00000006c8000000, 0x00000006c8000000, 0x00000006c8100000|  0%| F|  |TS  0|AC  0|TAMS 0x00000006c8000000, 0x00000006c8000000|
| 103|0x00000006c8100000, 0x00000006c8100000, 0x00000006c8200000|  0%| F|  |TS  0|AC  0|TAMS 0x00000006c8100000, 0x00000006c8100000|
| 104|0x00000006c8200000, 0x00000006c8200000, 0x00000006c8300000|  0%| F|  |TS  0|AC  0|TAMS 0x00000006c8200000, 0x00000006c8200000|
| 105|0x00000006c8300000, 0x00000006c8300000, 0x00000006c8400000|  0%| F|  |TS  0|AC  0|TAMS 0x00000006c8300000, 0x00000006c8300000|
| 106|0x00000006c8400000, 0x00000006c8400000, 0x00000006c8500000|  0%| F|  |TS  0|AC  0|TAMS 0x00000006c8400000, 0x00000006c8400000|
| 107|0x00000006c8500000, 0x00000006c8500000, 0x00000006c8600000|  0%| F|  |TS  0|AC  0|TAMS 0x00000006c8500000, 0x00000006c8500000|
| 108|0x00000006c8600000, 0x00000006c8600000, 0x00000006c8700000|  0%| F|  |TS  0|AC  0|TAMS 0x00000006c8600000, 0x00000006c8600000|
| 109|0x00000006c8700000, 0x00000006c8700000, 0x00000006c8800000|  0%| F|  |TS  0|AC  0|TAMS 0x00000006c8700000, 0x00000006c8700000|
| 110|0x00000006c8800000, 0x00000006c8800000, 0x00000006c8900000|  0%| F|  |TS  0|AC  0|TAMS 0x00000006c8800000, 0x00000006c8800000|
| 111|0x00000006c8900000, 0x00000006c8900000, 0x00000006c8a00000|  0%| F|  |TS  0|AC  0|TAMS 0x00000006c8900000, 0x00000006c8900000|
| 112|0x00000006c8a00000, 0x00000006c8a00000, 0x00000006c8b00000|  0%| F|  |TS  0|AC  0|TAMS 0x00000006c8a00000, 0x00000006c8a00000|
| 113|0x00000006c8b00000, 0x00000006c8b00000, 0x00000006c8c00000|  0%| F|  |TS  0|AC  0|TAMS 0x00000006c8b00000, 0x00000006c8b00000|
| 114|0x00000006c8c00000, 0x00000006c8c00000, 0x00000006c8d00000|  0%| F|  |TS  0|AC  0|TAMS 0x00000006c8c00000, 0x00000006c8c00000|
| 115|0x00000006c8d00000, 0x00000006c8d00000, 0x00000006c8e00000|  0%| F|  |TS  0|AC  0|TAMS 0x00000006c8d00000, 0x00000006c8d00000|
| 116|0x00000006c8e00000, 0x00000006c8e00000, 0x00000006c8f00000|  0%| F|  |TS  0|AC  0|TAMS 0x00000006c8e00000, 0x00000006c8e00000|
| 117|0x00000006c8f00000, 0x00000006c8f00000, 0x00000006c9000000|  0%| F|  |TS  0|AC  0|TAMS 0x00000006c8f00000, 0x00000006c8f00000|
| 118|0x00000006c9000000, 0x00000006c9000000, 0x00000006c9100000|  0%| F|  |TS  0|AC  0|TAMS 0x00000006c9000000, 0x00000006c9000000|
| 119|0x00000006c9100000, 0x00000006c9100000, 0x00000006c9200000|  0%| F|  |TS  0|AC  0|TAMS 0x00000006c9100000, 0x00000006c9100000|
| 120|0x00000006c9200000, 0x00000006c9200000, 0x00000006c9300000|  0%| F|  |TS  0|AC  0|TAMS 0x00000006c9200000, 0x00000006c9200000|
| 121|0x00000006c9300000, 0x00000006c9300000, 0x00000006c9400000|  0%| F|  |TS  0|AC  0|TAMS 0x00000006c9300000, 0x00000006c9300000|
| 122|0x00000006c9400000, 0x00000006c9400000, 0x00000006c9500000|  0%| F|  |TS  0|AC  0|TAMS 0x00000006c9400000, 0x00000006c9400000|
| 123|0x00000006c9500000, 0x00000006c9500000, 0x00000006c9600000|  0%| F|  |TS  0|AC  0|TAMS 0x00000006c9500000, 0x00000006c9500000|
| 124|0x00000006c9600000, 0x00000006c9600000, 0x00000006c9700000|  0%| F|  |TS  0|AC  0|TAMS 0x00000006c9600000, 0x00000006c9600000|
| 125|0x00000006c9700000, 0x00000006c9700000, 0x00000006c9800000|  0%| F|  |TS  0|AC  0|TAMS 0x00000006c9700000, 0x00000006c9700000|
| 126|0x00000006c9800000, 0x00000006c9800000, 0x00000006c9900000|  0%| F|  |TS  0|AC  0|TAMS 0x00000006c9800000, 0x00000006c9800000|
| 127|0x00000006c9900000, 0x00000006c9900000, 0x00000006c9a00000|  0%| F|  |TS  0|AC  0|TAMS 0x00000006c9900000, 0x00000006c9900000|
| 128|0x00000006c9a00000, 0x00000006c9a00000, 0x00000006c9b00000|  0%| F|  |TS  0|AC  0|TAMS 0x00000006c9a00000, 0x00000006c9a00000|
| 129|0x00000006c9b00000, 0x00000006c9b00000, 0x00000006c9c00000|  0%| F|  |TS  0|AC  0|TAMS 0x00000006c9b00000, 0x00000006c9b00000|
| 130|0x00000006c9c00000, 0x00000006c9c00000, 0x00000006c9d00000|  0%| F|  |TS  0|AC  0|TAMS 0x00000006c9c00000, 0x00000006c9c00000|
| 131|0x00000006c9d00000, 0x00000006c9d00000, 0x00000006c9e00000|  0%| F|  |TS  0|AC  0|TAMS 0x00000006c9d00000, 0x00000006c9d00000|
| 132|0x00000006c9e00000, 0x00000006c9e00000, 0x00000006c9f00000|  0%| F|  |TS  0|AC  0|TAMS 0x00000006c9e00000, 0x00000006c9e00000|
| 133|0x00000006c9f00000, 0x00000006c9f00000, 0x00000006ca000000|  0%| F|  |TS  0|AC  0|TAMS 0x00000006c9f00000, 0x00000006c9f00000|
| 134|0x00000006ca000000, 0x00000006ca000000, 0x00000006ca100000|  0%| F|  |TS  0|AC  0|TAMS 0x00000006ca000000, 0x00000006ca000000|
| 135|0x00000006ca100000, 0x00000006ca100000, 0x00000006ca200000|  0%| F|  |TS  0|AC  0|TAMS 0x00000006ca100000, 0x00000006ca100000|
| 136|0x00000006ca200000, 0x00000006ca200000, 0x00000006ca300000|  0%| F|  |TS  0|AC  0|TAMS 0x00000006ca200000, 0x00000006ca200000|
| 137|0x00000006ca300000, 0x00000006ca300000, 0x00000006ca400000|  0%| F|  |TS  0|AC  0|TAMS 0x00000006ca300000, 0x00000006ca300000|
| 138|0x00000006ca400000, 0x00000006ca400000, 0x00000006ca500000|  0%| F|  |TS  0|AC  0|TAMS 0x00000006ca400000, 0x00000006ca400000|
| 139|0x00000006ca500000, 0x00000006ca500000, 0x00000006ca600000|  0%| F|  |TS  0|AC  0|TAMS 0x00000006ca500000, 0x00000006ca500000|
| 140|0x00000006ca600000, 0x00000006ca600000, 0x00000006ca700000|  0%| F|  |TS  0|AC  0|TAMS 0x00000006ca600000, 0x00000006ca600000|
| 141|0x00000006ca700000, 0x00000006ca700000, 0x00000006ca800000|  0%| F|  |TS  0|AC  0|TAMS 0x00000006ca700000, 0x00000006ca700000|
| 142|0x00000006ca800000, 0x00000006ca800000, 0x00000006ca900000|  0%| F|  |TS  0|AC  0|TAMS 0x00000006ca800000, 0x00000006ca800000|
| 143|0x00000006ca900000, 0x00000006ca900000, 0x00000006caa00000|  0%| F|  |TS  0|AC  0|TAMS 0x00000006ca900000, 0x00000006ca900000|
| 144|0x00000006caa00000, 0x00000006caa00000, 0x00000006cab00000|  0%| F|  |TS  0|AC  0|TAMS 0x00000006caa00000, 0x00000006caa00000|
| 145|0x00000006cab00000, 0x00000006cab00000, 0x00000006cac00000|  0%| F|  |TS  0|AC  0|TAMS 0x00000006cab00000, 0x00000006cab00000|
| 146|0x00000006cac00000, 0x00000006cac00000, 0x00000006cad00000|  0%| F|  |TS  0|AC  0|TAMS 0x00000006cac00000, 0x00000006cac00000|
| 147|0x00000006cad00000, 0x00000006cad00000, 0x00000006cae00000|  0%| F|  |TS  0|AC  0|TAMS 0x00000006cad00000, 0x00000006cad00000|
| 148|0x00000006cae00000, 0x00000006cae00000, 0x00000006caf00000|  0%| F|  |TS  0|AC  0|TAMS 0x00000006cae00000, 0x00000006cae00000|
| 149|0x00000006caf00000, 0x00000006caf00000, 0x00000006cb000000|  0%| F|  |TS  0|AC  0|TAMS 0x00000006caf00000, 0x00000006caf00000|
| 150|0x00000006cb000000, 0x00000006cb000000, 0x00000006cb100000|  0%| F|  |TS  0|AC  0|TAMS 0x00000006cb000000, 0x00000006cb000000|
| 151|0x00000006cb100000, 0x00000006cb100000, 0x00000006cb200000|  0%| F|  |TS  0|AC  0|TAMS 0x00000006cb100000, 0x00000006cb100000|
| 152|0x00000006cb200000, 0x00000006cb200000, 0x00000006cb300000|  0%| F|  |TS  0|AC  0|TAMS 0x00000006cb200000, 0x00000006cb200000|
| 153|0x00000006cb300000, 0x00000006cb300000, 0x00000006cb400000|  0%| F|  |TS  0|AC  0|TAMS 0x00000006cb300000, 0x00000006cb300000|
| 154|0x00000006cb400000, 0x00000006cb400000, 0x00000006cb500000|  0%| F|  |TS  0|AC  0|TAMS 0x00000006cb400000, 0x00000006cb400000|
| 155|0x00000006cb500000, 0x00000006cb500000, 0x00000006cb600000|  0%| F|  |TS  0|AC  0|TAMS 0x00000006cb500000, 0x00000006cb500000|
| 156|0x00000006cb600000, 0x00000006cb600000, 0x00000006cb700000|  0%| F|  |TS  0|AC  0|TAMS 0x00000006cb600000, 0x00000006cb600000|
| 157|0x00000006cb700000, 0x00000006cb700000, 0x00000006cb800000|  0%| F|  |TS  0|AC  0|TAMS 0x00000006cb700000, 0x00000006cb700000|
| 158|0x00000006cb800000, 0x00000006cb800000, 0x00000006cb900000|  0%| F|  |TS  0|AC  0|TAMS 0x00000006cb800000, 0x00000006cb800000|
| 159|0x00000006cb900000, 0x00000006cb900000, 0x00000006cba00000|  0%| F|  |TS  0|AC  0|TAMS 0x00000006cb900000, 0x00000006cb900000|
| 160|0x00000006cba00000, 0x00000006cba00000, 0x00000006cbb00000|  0%| F|  |TS  0|AC  0|TAMS 0x00000006cba00000, 0x00000006cba00000|
| 161|0x00000006cbb00000, 0x00000006cbb00000, 0x00000006cbc00000|  0%| F|  |TS  0|AC  0|TAMS 0x00000006cbb00000, 0x00000006cbb00000|
| 162|0x00000006cbc00000, 0x00000006cbc00000, 0x00000006cbd00000|  0%| F|  |TS  0|AC  0|TAMS 0x00000006cbc00000, 0x00000006cbc00000|
| 163|0x00000006cbd00000, 0x00000006cbd00000, 0x00000006cbe00000|  0%| F|  |TS  0|AC  0|TAMS 0x00000006cbd00000, 0x00000006cbd00000|
| 164|0x00000006cbe00000, 0x00000006cbe00000, 0x00000006cbf00000|  0%| F|  |TS  0|AC  0|TAMS 0x00000006cbe00000, 0x00000006cbe00000|
| 165|0x00000006cbf00000, 0x00000006cbf00000, 0x00000006cc000000|  0%| F|  |TS  0|AC  0|TAMS 0x00000006cbf00000, 0x00000006cbf00000|
| 166|0x00000006cc000000, 0x00000006cc000000, 0x00000006cc100000|  0%| F|  |TS  0|AC  0|TAMS 0x00000006cc000000, 0x00000006cc000000|
| 167|0x00000006cc100000, 0x00000006cc100000, 0x00000006cc200000|  0%| F|  |TS  0|AC  0|TAMS 0x00000006cc100000, 0x00000006cc100000|
| 168|0x00000006cc200000, 0x00000006cc200000, 0x00000006cc300000|  0%| F|  |TS  0|AC  0|TAMS 0x00000006cc200000, 0x00000006cc200000|
| 169|0x00000006cc300000, 0x00000006cc300000, 0x00000006cc400000|  0%| F|  |TS  0|AC  0|TAMS 0x00000006cc300000, 0x00000006cc300000|
| 170|0x00000006cc400000, 0x00000006cc400000, 0x00000006cc500000|  0%| F|  |TS  0|AC  0|TAMS 0x00000006cc400000, 0x00000006cc400000|
| 171|0x00000006cc500000, 0x00000006cc500000, 0x00000006cc600000|  0%| F|  |TS  0|AC  0|TAMS 0x00000006cc500000, 0x00000006cc500000|
| 172|0x00000006cc600000, 0x00000006cc600000, 0x00000006cc700000|  0%| F|  |TS  0|AC  0|TAMS 0x00000006cc600000, 0x00000006cc600000|
| 173|0x00000006cc700000, 0x00000006cc700000, 0x00000006cc800000|  0%| F|  |TS  0|AC  0|TAMS 0x00000006cc700000, 0x00000006cc700000|
| 174|0x00000006cc800000, 0x00000006cc800000, 0x00000006cc900000|  0%| F|  |TS  0|AC  0|TAMS 0x00000006cc800000, 0x00000006cc800000|
| 175|0x00000006cc900000, 0x00000006cc900000, 0x00000006cca00000|  0%| F|  |TS  0|AC  0|TAMS 0x00000006cc900000, 0x00000006cc900000|
| 176|0x00000006cca00000, 0x00000006cca00000, 0x00000006ccb00000|  0%| F|  |TS  0|AC  0|TAMS 0x00000006cca00000, 0x00000006cca00000|
| 177|0x00000006ccb00000, 0x00000006ccb00000, 0x00000006ccc00000|  0%| F|  |TS  0|AC  0|TAMS 0x00000006ccb00000, 0x00000006ccb00000|
| 178|0x00000006ccc00000, 0x00000006ccc00000, 0x00000006ccd00000|  0%| F|  |TS  0|AC  0|TAMS 0x00000006ccc00000, 0x00000006ccc00000|
| 179|0x00000006ccd00000, 0x00000006ccd00000, 0x00000006cce00000|  0%| F|  |TS  0|AC  0|TAMS 0x00000006ccd00000, 0x00000006ccd00000|
| 180|0x00000006cce00000, 0x00000006cce00000, 0x00000006ccf00000|  0%| F|  |TS  0|AC  0|TAMS 0x00000006cce00000, 0x00000006cce00000|
| 181|0x00000006ccf00000, 0x00000006ccf00000, 0x00000006cd000000|  0%| F|  |TS  0|AC  0|TAMS 0x00000006ccf00000, 0x00000006ccf00000|
| 182|0x00000006cd000000, 0x00000006cd000000, 0x00000006cd100000|  0%| F|  |TS  0|AC  0|TAMS 0x00000006cd000000, 0x00000006cd000000|
| 183|0x00000006cd100000, 0x00000006cd100000, 0x00000006cd200000|  0%| F|  |TS  0|AC  0|TAMS 0x00000006cd100000, 0x00000006cd100000|
| 184|0x00000006cd200000, 0x00000006cd200000, 0x00000006cd300000|  0%| F|  |TS  0|AC  0|TAMS 0x00000006cd200000, 0x00000006cd200000|
| 185|0x00000006cd300000, 0x00000006cd300000, 0x00000006cd400000|  0%| F|  |TS  0|AC  0|TAMS 0x00000006cd300000, 0x00000006cd300000|
| 186|0x00000006cd400000, 0x00000006cd400000, 0x00000006cd500000|  0%| F|  |TS  0|AC  0|TAMS 0x00000006cd400000, 0x00000006cd400000|
| 187|0x00000006cd500000, 0x00000006cd500000, 0x00000006cd600000|  0%| F|  |TS  0|AC  0|TAMS 0x00000006cd500000, 0x00000006cd500000|
| 188|0x00000006cd600000, 0x00000006cd600000, 0x00000006cd700000|  0%| F|  |TS  0|AC  0|TAMS 0x00000006cd600000, 0x00000006cd600000|
| 189|0x00000006cd700000, 0x00000006cd700000, 0x00000006cd800000|  0%| F|  |TS  0|AC  0|TAMS 0x00000006cd700000, 0x00000006cd700000|
| 190|0x00000006cd800000, 0x00000006cd800000, 0x00000006cd900000|  0%| F|  |TS  0|AC  0|TAMS 0x00000006cd800000, 0x00000006cd800000|
| 191|0x00000006cd900000, 0x00000006cd900000, 0x00000006cda00000|  0%| F|  |TS  0|AC  0|TAMS 0x00000006cd900000, 0x00000006cd900000|
| 192|0x00000006cda00000, 0x00000006cda00000, 0x00000006cdb00000|  0%| F|  |TS  0|AC  0|TAMS 0x00000006cda00000, 0x00000006cda00000|
| 193|0x00000006cdb00000, 0x00000006cdb00000, 0x00000006cdc00000|  0%| F|  |TS  0|AC  0|TAMS 0x00000006cdb00000, 0x00000006cdb00000|
| 194|0x00000006cdc00000, 0x00000006cdc00000, 0x00000006cdd00000|  0%| F|  |TS  0|AC  0|TAMS 0x00000006cdc00000, 0x00000006cdc00000|
| 195|0x00000006cdd00000, 0x00000006cdd00000, 0x00000006cde00000|  0%| F|  |TS  0|AC  0|TAMS 0x00000006cdd00000, 0x00000006cdd00000|
| 196|0x00000006cde00000, 0x00000006cde00000, 0x00000006cdf00000|  0%| F|  |TS  0|AC  0|TAMS 0x00000006cde00000, 0x00000006cde00000|
| 197|0x00000006cdf00000, 0x00000006cdf00000, 0x00000006ce000000|  0%| F|  |TS  0|AC  0|TAMS 0x00000006cdf00000, 0x00000006cdf00000|
| 198|0x00000006ce000000, 0x00000006ce000000, 0x00000006ce100000|  0%| F|  |TS  0|AC  0|TAMS 0x00000006ce000000, 0x00000006ce000000|
| 199|0x00000006ce100000, 0x00000006ce100000, 0x00000006ce200000|  0%| F|  |TS  0|AC  0|TAMS 0x00000006ce100000, 0x00000006ce100000|
| 200|0x00000006ce200000, 0x00000006ce200000, 0x00000006ce300000|  0%| F|  |TS  0|AC  0|TAMS 0x00000006ce200000, 0x00000006ce200000|
| 201|0x00000006ce300000, 0x00000006ce300000, 0x00000006ce400000|  0%| F|  |TS  0|AC  0|TAMS 0x00000006ce300000, 0x00000006ce300000|
| 202|0x00000006ce400000, 0x00000006ce400000, 0x00000006ce500000|  0%| F|  |TS  0|AC  0|TAMS 0x00000006ce400000, 0x00000006ce400000|
| 203|0x00000006ce500000, 0x00000006ce500000, 0x00000006ce600000|  0%| F|  |TS  0|AC  0|TAMS 0x00000006ce500000, 0x00000006ce500000|
| 204|0x00000006ce600000, 0x00000006ce600000, 0x00000006ce700000|  0%| F|  |TS  0|AC  0|TAMS 0x00000006ce600000, 0x00000006ce600000|
| 205|0x00000006ce700000, 0x00000006ce700000, 0x00000006ce800000|  0%| F|  |TS  0|AC  0|TAMS 0x00000006ce700000, 0x00000006ce700000|
| 206|0x00000006ce800000, 0x00000006ce800000, 0x00000006ce900000|  0%| F|  |TS  0|AC  0|TAMS 0x00000006ce800000, 0x00000006ce800000|
| 207|0x00000006ce900000, 0x00000006ce900000, 0x00000006cea00000|  0%| F|  |TS  0|AC  0|TAMS 0x00000006ce900000, 0x00000006ce900000|
| 208|0x00000006cea00000, 0x00000006cea00000, 0x00000006ceb00000|  0%| F|  |TS  0|AC  0|TAMS 0x00000006cea00000, 0x00000006cea00000|
| 209|0x00000006ceb00000, 0x00000006ceb00000, 0x00000006cec00000|  0%| F|  |TS  0|AC  0|TAMS 0x00000006ceb00000, 0x00000006ceb00000|
| 210|0x00000006cec00000, 0x00000006cec00000, 0x00000006ced00000|  0%| F|  |TS  0|AC  0|TAMS 0x00000006cec00000, 0x00000006cec00000|
| 211|0x00000006ced00000, 0x00000006ced00000, 0x00000006cee00000|  0%| F|  |TS  0|AC  0|TAMS 0x00000006ced00000, 0x00000006ced00000|
| 212|0x00000006cee00000, 0x00000006cee00000, 0x00000006cef00000|  0%| F|  |TS  0|AC  0|TAMS 0x00000006cee00000, 0x00000006cee00000|
| 213|0x00000006cef00000, 0x00000006cef00000, 0x00000006cf000000|  0%| F|  |TS  0|AC  0|TAMS 0x00000006cef00000, 0x00000006cef00000|
| 214|0x00000006cf000000, 0x00000006cf000000, 0x00000006cf100000|  0%| F|  |TS  0|AC  0|TAMS 0x00000006cf000000, 0x00000006cf000000|
| 215|0x00000006cf100000, 0x00000006cf100000, 0x00000006cf200000|  0%| F|  |TS  0|AC  0|TAMS 0x00000006cf100000, 0x00000006cf100000|
| 216|0x00000006cf200000, 0x00000006cf200000, 0x00000006cf300000|  0%| F|  |TS  0|AC  0|TAMS 0x00000006cf200000, 0x00000006cf200000|
| 217|0x00000006cf300000, 0x00000006cf300000, 0x00000006cf400000|  0%| F|  |TS  0|AC  0|TAMS 0x00000006cf300000, 0x00000006cf300000|
| 218|0x00000006cf400000, 0x00000006cf400000, 0x00000006cf500000|  0%| F|  |TS  0|AC  0|TAMS 0x00000006cf400000, 0x00000006cf400000|
| 219|0x00000006cf500000, 0x00000006cf500000, 0x00000006cf600000|  0%| F|  |TS  0|AC  0|TAMS 0x00000006cf500000, 0x00000006cf500000|
| 220|0x00000006cf600000, 0x00000006cf600000, 0x00000006cf700000|  0%| F|  |TS  0|AC  0|TAMS 0x00000006cf600000, 0x00000006cf600000|
| 221|0x00000006cf700000, 0x00000006cf700000, 0x00000006cf800000|  0%| F|  |TS  0|AC  0|TAMS 0x00000006cf700000, 0x00000006cf700000|
| 222|0x00000006cf800000, 0x00000006cf800000, 0x00000006cf900000|  0%| F|  |TS  0|AC  0|TAMS 0x00000006cf800000, 0x00000006cf800000|
| 223|0x00000006cf900000, 0x00000006cf9200e8, 0x00000006cfa00000| 12%| S|CS|TS  0|AC  0|TAMS 0x00000006cf900000, 0x00000006cf900000|
| 224|0x00000006cfa00000, 0x00000006cfb00000, 0x00000006cfb00000|100%| S|CS|TS  0|AC  0|TAMS 0x00000006cfa00000, 0x00000006cfa00000|
| 225|0x00000006cfb00000, 0x00000006cfc00000, 0x00000006cfc00000|100%| S|CS|TS  0|AC  0|TAMS 0x00000006cfb00000, 0x00000006cfb00000|
| 226|0x00000006cfc00000, 0x00000006cfd00000, 0x00000006cfd00000|100%| S|CS|TS  0|AC  0|TAMS 0x00000006cfc00000, 0x00000006cfc00000|
| 227|0x00000006cfd00000, 0x00000006cfe00000, 0x00000006cfe00000|100%| S|CS|TS  0|AC  0|TAMS 0x00000006cfd00000, 0x00000006cfd00000|
| 228|0x00000006cfe00000, 0x00000006cff00000, 0x00000006cff00000|100%| S|CS|TS  0|AC  0|TAMS 0x00000006cfe00000, 0x00000006cfe00000|
| 229|0x00000006cff00000, 0x00000006cff00000, 0x00000006d0000000|  0%| F|  |TS  0|AC  0|TAMS 0x00000006cff00000, 0x00000006cff00000|
| 230|0x00000006d0000000, 0x00000006d0000000, 0x00000006d0100000|  0%| F|  |TS  0|AC  0|TAMS 0x00000006d0000000, 0x00000006d0000000|
| 231|0x00000006d0100000, 0x00000006d0100000, 0x00000006d0200000|  0%| F|  |TS  0|AC  0|TAMS 0x00000006d0100000, 0x00000006d0100000|
| 232|0x00000006d0200000, 0x00000006d0200000, 0x00000006d0300000|  0%| F|  |TS  0|AC  0|TAMS 0x00000006d0200000, 0x00000006d0200000|
| 233|0x00000006d0300000, 0x00000006d0300000, 0x00000006d0400000|  0%| F|  |TS  0|AC  0|TAMS 0x00000006d0300000, 0x00000006d0300000|
| 234|0x00000006d0400000, 0x00000006d0400000, 0x00000006d0500000|  0%| F|  |TS  0|AC  0|TAMS 0x00000006d0400000, 0x00000006d0400000|
| 235|0x00000006d0500000, 0x00000006d0500000, 0x00000006d0600000|  0%| F|  |TS  0|AC  0|TAMS 0x00000006d0500000, 0x00000006d0500000|
| 236|0x00000006d0600000, 0x00000006d0600000, 0x00000006d0700000|  0%| F|  |TS  0|AC  0|TAMS 0x00000006d0600000, 0x00000006d0600000|
| 237|0x00000006d0700000, 0x00000006d0700000, 0x00000006d0800000|  0%| F|  |TS  0|AC  0|TAMS 0x00000006d0700000, 0x00000006d0700000|
| 238|0x00000006d0800000, 0x00000006d0800000, 0x00000006d0900000|  0%| F|  |TS  0|AC  0|TAMS 0x00000006d0800000, 0x00000006d0800000|
| 239|0x00000006d0900000, 0x00000006d0900000, 0x00000006d0a00000|  0%| F|  |TS  0|AC  0|TAMS 0x00000006d0900000, 0x00000006d0900000|
| 240|0x00000006d0a00000, 0x00000006d0a00000, 0x00000006d0b00000|  0%| F|  |TS  0|AC  0|TAMS 0x00000006d0a00000, 0x00000006d0a00000|
| 241|0x00000006d0b00000, 0x00000006d0b00000, 0x00000006d0c00000|  0%| F|  |TS  0|AC  0|TAMS 0x00000006d0b00000, 0x00000006d0b00000|
| 242|0x00000006d0c00000, 0x00000006d0c00000, 0x00000006d0d00000|  0%| F|  |TS  0|AC  0|TAMS 0x00000006d0c00000, 0x00000006d0c00000|
| 243|0x00000006d0d00000, 0x00000006d0d00000, 0x00000006d0e00000|  0%| F|  |TS  0|AC  0|TAMS 0x00000006d0d00000, 0x00000006d0d00000|
| 244|0x00000006d0e00000, 0x00000006d0e00000, 0x00000006d0f00000|  0%| F|  |TS  0|AC  0|TAMS 0x00000006d0e00000, 0x00000006d0e00000|
| 245|0x00000006d0f00000, 0x00000006d0f00000, 0x00000006d1000000|  0%| F|  |TS  0|AC  0|TAMS 0x00000006d0f00000, 0x00000006d0f00000|
| 246|0x00000006d1000000, 0x00000006d1000000, 0x00000006d1100000|  0%| F|  |TS  0|AC  0|TAMS 0x00000006d1000000, 0x00000006d1000000|
| 247|0x00000006d1100000, 0x00000006d1100000, 0x00000006d1200000|  0%| F|  |TS  0|AC  0|TAMS 0x00000006d1100000, 0x00000006d1100000|
| 248|0x00000006d1200000, 0x00000006d1200000, 0x00000006d1300000|  0%| F|  |TS  0|AC  0|TAMS 0x00000006d1200000, 0x00000006d1200000|
| 249|0x00000006d1300000, 0x00000006d1300000, 0x00000006d1400000|  0%| F|  |TS  0|AC  0|TAMS 0x00000006d1300000, 0x00000006d1300000|
| 250|0x00000006d1400000, 0x00000006d1500000, 0x00000006d1500000|100%| E|  |TS  0|AC  0|TAMS 0x00000006d1400000, 0x00000006d1400000|
| 251|0x00000006d1500000, 0x00000006d1600000, 0x00000006d1600000|100%| E|CS|TS  0|AC  0|TAMS 0x00000006d1500000, 0x00000006d1500000|
| 252|0x00000006d1600000, 0x00000006d1700000, 0x00000006d1700000|100%| E|CS|TS  0|AC  0|TAMS 0x00000006d1600000, 0x00000006d1600000|
| 253|0x00000006d1700000, 0x00000006d1800000, 0x00000006d1800000|100%| E|CS|TS  0|AC  0|TAMS 0x00000006d1700000, 0x00000006d1700000|
| 254|0x00000006d1800000, 0x00000006d1900000, 0x00000006d1900000|100%| E|CS|TS  0|AC  0|TAMS 0x00000006d1800000, 0x00000006d1800000|
| 255|0x00000006d1900000, 0x00000006d1a00000, 0x00000006d1a00000|100%| E|CS|TS  0|AC  0|TAMS 0x00000006d1900000, 0x00000006d1900000|

Card table byte_map: [0x0000020bf2a90000,0x0000020bf3290000] byte_map_base: 0x0000020bef483000

Marking Bits (Prev, Next): (CMBitMap*) 0x0000020bfba606f8, (CMBitMap*) 0x0000020bfba606c0
 Prev Bits: [0x0000020bf7a30000, 0x0000020bfb9c8000)
 Next Bits: [0x0000020bf3a90000, 0x0000020bf7a28000)

Polling page: 0x0000020bd59d0000

CodeHeap 'non-profiled nmethods': size=120000Kb used=828Kb max_used=828Kb free=119171Kb
 bounds [0x0000020beaa30000, 0x0000020beaca0000, 0x0000020bf1f60000]
CodeHeap 'profiled nmethods': size=120000Kb used=3716Kb max_used=3716Kb free=116283Kb
 bounds [0x0000020be3500000, 0x0000020be38b0000, 0x0000020beaa30000]
CodeHeap 'non-nmethods': size=5760Kb used=1222Kb max_used=1258Kb free=4537Kb
 bounds [0x0000020be2f60000, 0x0000020be31d0000, 0x0000020be3500000]
 total_blobs=2823 nmethods=1924 adapters=395
 compilation: enabled

Compilation events (10 events):
Event: 7.577 Thread 0x0000020bfef05000 1922       3       com.google.common.base.CharMatcher$IsNot::matches (14 bytes)
Event: 7.577 Thread 0x0000020bfef05000 nmethod 1922 0x0000020be389f510 code [0x0000020be389f6c0, 0x0000020be389f878]
Event: 7.577 Thread 0x0000020bfef05000 1919       3       java.lang.invoke.DirectMethodHandle$Holder::invokeStatic (15 bytes)
Event: 7.577 Thread 0x0000020bfef05000 nmethod 1919 0x0000020be389f910 code [0x0000020be389fb00, 0x0000020be389ff00]
Event: 7.722 Thread 0x0000020bfef05000 1923       3       sun.util.locale.LocaleUtils::isAlphaNumeric (20 bytes)
Event: 7.723 Thread 0x0000020bfef05000 nmethod 1923 0x0000020be38a0010 code [0x0000020be38a01e0, 0x0000020be38a05f8]
Event: 7.723 Thread 0x0000020bfef05000 1924       3       java.util.regex.Pattern$LastNode::match (45 bytes)
Event: 7.723 Thread 0x0000020bfef05000 nmethod 1924 0x0000020be38a0710 code [0x0000020be38a08c0, 0x0000020be38a0b18]
Event: 7.723 Thread 0x0000020bfef05000 1925       3       java.util.regex.Pattern$BranchConn::match (11 bytes)
Event: 7.723 Thread 0x0000020bfef05000 nmethod 1925 0x0000020be38a0c10 code [0x0000020be38a0de0, 0x0000020be38a1030]

GC Heap History (4 events):
Event: 0.921 GC heap before
{Heap before GC invocations=0 (full 0):
 garbage-first heap   total 262144K, used 24576K [0x00000006c1a00000, 0x00000007c0000000)
  region size 1024K, 24 young (24576K), 0 survivors (0K)
 Metaspace       used 14627K, capacity 14946K, committed 15232K, reserved 1062912K
  class space    used 1433K, capacity 1540K, committed 1664K, reserved 1048576K
}
Event: 0.924 GC heap after
{Heap after GC invocations=1 (full 0):
 garbage-first heap   total 262144K, used 3682K [0x00000006c1a00000, 0x00000007c0000000)
  region size 1024K, 3 young (3072K), 3 survivors (3072K)
 Metaspace       used 14627K, capacity 14946K, committed 15232K, reserved 1062912K
  class space    used 1433K, capacity 1540K, committed 1664K, reserved 1048576K
}
Event: 1.799 GC heap before
{Heap before GC invocations=1 (full 0):
 garbage-first heap   total 262144K, used 27234K [0x00000006c1a00000, 0x00000007c0000000)
  region size 1024K, 27 young (27648K), 3 survivors (3072K)
 Metaspace       used 20574K, capacity 21003K, committed 21296K, reserved 1069056K
  class space    used 2156K, capacity 2360K, committed 2432K, reserved 1048576K
}
Event: 1.803 GC heap after
{Heap after GC invocations=2 (full 0):
 garbage-first heap   total 262144K, used 5858K [0x00000006c1a00000, 0x00000007c0000000)
  region size 1024K, 6 young (6144K), 6 survivors (6144K)
 Metaspace       used 20574K, capacity 21003K, committed 21296K, reserved 1069056K
  class space    used 2156K, capacity 2360K, committed 2432K, reserved 1048576K
}

Deoptimization events (10 events):
Event: 3.588 Thread 0x0000020bd7be9000 Uncommon trap: reason=class_check action=maybe_recompile pc=0x0000020beaadb928 method=org.openqa.selenium.json.Input.init()V @ 18 c2
Event: 3.588 Thread 0x0000020bd7be9000 Uncommon trap: reason=class_check action=maybe_recompile pc=0x0000020beaadb928 method=org.openqa.selenium.json.Input.init()V @ 18 c2
Event: 3.601 Thread 0x0000020bd7be9000 Uncommon trap: reason=unstable_if action=reinterpret pc=0x0000020beaab8458 method=java.util.concurrent.ConcurrentHashMap.putVal(Ljava/lang/Object;Ljava/lang/Object;Z)Ljava/lang/Object; @ 256 c2
Event: 3.620 Thread 0x0000020bd7be9000 Uncommon trap: reason=unstable_if action=reinterpret pc=0x0000020beaa79880 method=java.lang.AbstractStringBuilder.putStringAt(ILjava/lang/String;)V @ 8 c2
Event: 3.620 Thread 0x0000020bd7be9000 Uncommon trap: reason=unstable_if action=reinterpret pc=0x0000020beaa4547c method=java.lang.AbstractStringBuilder.isLatin1()Z @ 10 c2
Event: 3.621 Thread 0x0000020bd7be9000 Uncommon trap: reason=unstable_if action=reinterpret pc=0x0000020beaa44a2c method=java.lang.CharacterData.of(I)Ljava/lang/CharacterData; @ 4 c2
Event: 3.622 Thread 0x0000020bd7be9000 Uncommon trap: reason=unstable_if action=reinterpret pc=0x0000020beaa6d5d4 method=java.lang.AbstractStringBuilder.putStringAt(ILjava/lang/String;)V @ 8 c2
Event: 3.622 Thread 0x0000020bd7be9000 Uncommon trap: reason=unstable_if action=reinterpret pc=0x0000020beaa9487c method=java.lang.AbstractStringBuilder.isLatin1()Z @ 10 c2
Event: 3.622 Thread 0x0000020bd7be9000 Uncommon trap: reason=unstable_if action=reinterpret pc=0x0000020beaa6928c method=java.lang.String.getBytes([BIB)V @ 5 c2
Event: 3.622 Thread 0x0000020bd7be9000 Uncommon trap: reason=unstable_if action=reinterpret pc=0x0000020beaae0654 method=java.lang.String.getChars(II[CI)V @ 23 c2

Classes redefined (2 events):
Event: 17.877 Thread 0x0000020bfee7c000 redefined class name=Test1, count=1
Event: 139.205 Thread 0x0000020bfee7c000 redefined class name=Test1, count=2

Internal exceptions (10 events):
Event: 1.739 Thread 0x0000020bd7be9000 Exception <a 'java/lang/NoSuchMethodError'{0x00000006d07b7eb0}: java.lang.invoke.DirectMethodHandle$Holder.invokeStatic(Ljava/lang/Object;Ljava/lang/Object;Ljava/lang/Object;Ljava/lang/Object;Ljava/lang/Object;)V> (0x00000006d07b7eb0) thrown at [t:/worksp
Event: 1.795 Thread 0x0000020bd7be9000 Exception <a 'java/lang/NoSuchMethodError'{0x00000006d0239d08}: java.lang.invoke.DirectMethodHandle$Holder.invokeStatic(Ljava/lang/Object;Ljava/lang/Object;Ljava/lang/Object;Ljava/lang/Object;)V> (0x00000006d0239d08) thrown at [t:/workspace/open/src/hotsp
Event: 3.617 Thread 0x0000020bd7be9000 Exception <a 'java/lang/ClassNotFoundException'{0x00000006d16b9128}: sun/util/logging/resources/spi/loggingProvider> (0x00000006d16b9128) thrown at [t:/workspace/open/src/hotspot/share/classfile/systemDictionary.cpp, line 233]
Event: 3.641 Thread 0x0000020bd7be9000 Exception <a 'java/net/SocketTimeoutException'{0x00000006d15a7438}: Read timed out> (0x00000006d15a7438) thrown at [t:/workspace/open/src/hotspot/share/prims/jni.cpp, line 632]
Event: 4.768 Thread 0x0000020bd7be9000 Exception <a 'java/net/SocketTimeoutException'{0x00000006d15c4d58}: Read timed out> (0x00000006d15c4d58) thrown at [t:/workspace/open/src/hotspot/share/prims/jni.cpp, line 632]
Event: 4.775 Thread 0x0000020bd7be9000 Exception <a 'java/net/SocketTimeoutException'{0x00000006d15d7318}: Read timed out> (0x00000006d15d7318) thrown at [t:/workspace/open/src/hotspot/share/prims/jni.cpp, line 632]
Event: 4.779 Thread 0x0000020bd7be9000 Exception <a 'java/net/SocketTimeoutException'{0x00000006d15e7848}: Read timed out> (0x00000006d15e7848) thrown at [t:/workspace/open/src/hotspot/share/prims/jni.cpp, line 632]
Event: 4.782 Thread 0x0000020bd7be9000 Exception <a 'java/net/SocketTimeoutException'{0x00000006d15f7778}: Read timed out> (0x00000006d15f7778) thrown at [t:/workspace/open/src/hotspot/share/prims/jni.cpp, line 632]
Event: 7.465 Thread 0x0000020bd7be9000 Exception <a 'java/net/SocketTimeoutException'{0x00000006d1433898}: Read timed out> (0x00000006d1433898) thrown at [t:/workspace/open/src/hotspot/share/prims/jni.cpp, line 632]
Event: 7.492 Thread 0x0000020bd7be9000 Exception <a 'java/net/SocketTimeoutException'{0x00000006d1447dc0}: Read timed out> (0x00000006d1447dc0) thrown at [t:/workspace/open/src/hotspot/share/prims/jni.cpp, line 632]

Events (10 events):
Event: 139.209 Executing VM operation: GetOrSetLocal done
Event: 139.237 Executing VM operation: ChangeBreakpoints
Event: 139.238 Executing VM operation: ChangeBreakpoints done
Event: 139.260 Executing VM operation: ChangeBreakpoints
Event: 139.262 Executing VM operation: ChangeBreakpoints done
Event: 139.265 Executing VM operation: GetFrameCount
Event: 139.265 Executing VM operation: GetFrameCount done
Event: 139.265 Executing VM operation: GetFrameLocation
Event: 139.265 Executing VM operation: GetFrameLocation done
Event: 139.274 Executing VM operation: GetOrSetLocal


Dynamic libraries:
0x00007ff7b33a0000 - 0x00007ff7b33de000 	C:\Program Files\Java\jdk-10.0.2\bin\java.exe
0x00007ffe42c90000 - 0x00007ffe42e71000 	C:\WINDOWS\SYSTEM32\ntdll.dll
0x00007ffe40380000 - 0x00007ffe40432000 	C:\WINDOWS\System32\KERNEL32.DLL
0x00007ffe3f4c0000 - 0x00007ffe3f733000 	C:\WINDOWS\System32\KERNELBASE.dll
0x000000005cf10000 - 0x000000005cfa5000 	C:\WINDOWS\System32\SYSFER.DLL
0x00007ffe42b10000 - 0x00007ffe42bb1000 	C:\WINDOWS\System32\ADVAPI32.dll
0x00007ffe42bc0000 - 0x00007ffe42c5e000 	C:\WINDOWS\System32\msvcrt.dll
0x00007ffe406f0000 - 0x00007ffe4074b000 	C:\WINDOWS\System32\sechost.dll
0x00007ffe427f0000 - 0x00007ffe42914000 	C:\WINDOWS\System32\RPCRT4.dll
0x00007ffe40440000 - 0x00007ffe405d0000 	C:\WINDOWS\System32\USER32.dll
0x00007ffe3f060000 - 0x00007ffe3f080000 	C:\WINDOWS\System32\win32u.dll
0x00007ffe405d0000 - 0x00007ffe405f8000 	C:\WINDOWS\System32\GDI32.dll
0x00007ffe3f320000 - 0x00007ffe3f4b2000 	C:\WINDOWS\System32\gdi32full.dll
0x00007ffe40080000 - 0x00007ffe4011f000 	C:\WINDOWS\System32\msvcp_win.dll
0x00007ffe3f740000 - 0x00007ffe3f83a000 	C:\WINDOWS\System32\ucrtbase.dll
0x00007ffe2ee70000 - 0x00007ffe2ee7a000 	C:\WINDOWS\SYSTEM32\VERSION.dll
0x00007ffe2be60000 - 0x00007ffe2c0c9000 	C:\WINDOWS\WinSxS\amd64_microsoft.windows.common-controls_6595b64144ccf1df_6.0.17134.228_none_fb4599993062b194\COMCTL32.dll
0x00007ffe40ae0000 - 0x00007ffe40e03000 	C:\WINDOWS\System32\combase.dll
0x00007ffe3f840000 - 0x00007ffe3f8ba000 	C:\WINDOWS\System32\bcryptPrimitives.dll
0x00007ffe42ae0000 - 0x00007ffe42b0d000 	C:\WINDOWS\System32\IMM32.DLL
0x00007ffe10760000 - 0x00007ffe1084f000 	C:\Program Files\Java\jdk-10.0.2\bin\msvcr120.dll
0x00007ffe113e0000 - 0x00007ffe11486000 	C:\Program Files\Java\jdk-10.0.2\bin\msvcp120.dll
0x0000000059690000 - 0x000000005a100000 	C:\Program Files\Java\jdk-10.0.2\bin\server\jvm.dll
0x00007ffe40e10000 - 0x00007ffe40e18000 	C:\WINDOWS\System32\PSAPI.DLL
0x00007ffe2c1a0000 - 0x00007ffe2c1a9000 	C:\WINDOWS\SYSTEM32\WSOCK32.dll
0x00007ffe409c0000 - 0x00007ffe40a2c000 	C:\WINDOWS\System32\WS2_32.dll
0x00007ffe3b7d0000 - 0x00007ffe3b7f3000 	C:\WINDOWS\SYSTEM32\WINMM.dll
0x00007ffe3b370000 - 0x00007ffe3b39a000 	C:\WINDOWS\SYSTEM32\WINMMBASE.dll
0x00007ffe3f2d0000 - 0x00007ffe3f319000 	C:\WINDOWS\System32\cfgmgr32.dll
0x00007ffe33290000 - 0x00007ffe3329f000 	C:\Program Files\Java\jdk-10.0.2\bin\verify.dll
0x00007ffe3ddb0000 - 0x00007ffe3df79000 	C:\WINDOWS\SYSTEM32\DBGHELP.DLL
0x00007ffe2d370000 - 0x00007ffe2d399000 	C:\WINDOWS\SYSTEM32\dbgcore.DLL
0x00007ffe2d9b0000 - 0x00007ffe2d9d7000 	C:\Program Files\Java\jdk-10.0.2\bin\java.dll
0x00007ffe14f40000 - 0x00007ffe14f76000 	C:\Program Files\Java\jdk-10.0.2\bin\jdwp.dll
0x00007ffe14f10000 - 0x00007ffe14f3a000 	C:\Program Files\Java\jdk-10.0.2\bin\instrument.dll
0x00007ffe2bcc0000 - 0x00007ffe2bcd6000 	C:\Program Files\Java\jdk-10.0.2\bin\zip.dll
0x00007ffe33280000 - 0x00007ffe3328a000 	C:\Program Files\Java\jdk-10.0.2\bin\jimage.dll
0x00007ffe40e80000 - 0x00007ffe422c0000 	C:\WINDOWS\System32\SHELL32.dll
0x00007ffe40a30000 - 0x00007ffe40ad9000 	C:\WINDOWS\System32\shcore.dll
0x00007ffe3f8c0000 - 0x00007ffe3ffcd000 	C:\WINDOWS\System32\windows.storage.dll
0x00007ffe42790000 - 0x00007ffe427e1000 	C:\WINDOWS\System32\shlwapi.dll
0x00007ffe3efd0000 - 0x00007ffe3efe1000 	C:\WINDOWS\System32\kernel.appcore.dll
0x00007ffe3f040000 - 0x00007ffe3f05f000 	C:\WINDOWS\System32\profapi.dll
0x00007ffe3eff0000 - 0x00007ffe3f03c000 	C:\WINDOWS\System32\powrprof.dll
0x00007ffe3efa0000 - 0x00007ffe3efaa000 	C:\WINDOWS\System32\FLTLIB.DLL
0x00007ffe2d660000 - 0x00007ffe2d66a000 	C:\Program Files\Java\jdk-10.0.2\bin\dt_socket.dll
0x00007ffe3e7c0000 - 0x00007ffe3e826000 	C:\WINDOWS\system32\mswsock.dll
0x00007ffe2bca0000 - 0x00007ffe2bcba000 	C:\Program Files\Java\jdk-10.0.2\bin\net.dll
0x00007ffe398d0000 - 0x00007ffe399ac000 	C:\WINDOWS\SYSTEM32\WINHTTP.dll
0x00007ffe2bc80000 - 0x00007ffe2bc91000 	C:\Program Files\Java\jdk-10.0.2\bin\nio.dll
0x00007ffe3e970000 - 0x00007ffe3e987000 	C:\WINDOWS\SYSTEM32\CRYPTSP.dll
0x00007ffe3e3a0000 - 0x00007ffe3e3d3000 	C:\WINDOWS\system32\rsaenh.dll
0x00007ffe3eb00000 - 0x00007ffe3eb25000 	C:\WINDOWS\SYSTEM32\bcrypt.dll
0x00007ffe3eea0000 - 0x00007ffe3eec8000 	C:\WINDOWS\SYSTEM32\USERENV.dll
0x00007ffe3e990000 - 0x00007ffe3e99b000 	C:\WINDOWS\SYSTEM32\CRYPTBASE.dll
0x00007ffe3e540000 - 0x00007ffe3e578000 	C:\WINDOWS\SYSTEM32\IPHLPAPI.DLL
0x00007ffe406e0000 - 0x00007ffe406e8000 	C:\WINDOWS\System32\NSI.dll
0x00007ffe3c950000 - 0x00007ffe3c966000 	C:\WINDOWS\SYSTEM32\dhcpcsvc6.DLL
0x00007ffe3c790000 - 0x00007ffe3c7aa000 	C:\WINDOWS\SYSTEM32\dhcpcsvc.DLL
0x00007ffe3e590000 - 0x00007ffe3e64e000 	C:\WINDOWS\SYSTEM32\DNSAPI.dll
0x00007ffe34a60000 - 0x00007ffe34a6a000 	C:\Windows\System32\rasadhlp.dll
0x00007ffe3c980000 - 0x00007ffe3c9f2000 	C:\WINDOWS\System32\fwpuclnt.dll
0x00007ffe14d90000 - 0x00007ffe14db3000 	C:\Program Files\Java\jdk-10.0.2\bin\sunec.dll
0x00007ffe2b140000 - 0x00007ffe2b14b000 	C:\Program Files\Java\jdk-10.0.2\bin\sunmscapi.dll
0x00007ffe3f080000 - 0x00007ffe3f262000 	C:\WINDOWS\System32\CRYPT32.dll
0x00007ffe3efb0000 - 0x00007ffe3efc2000 	C:\WINDOWS\System32\MSASN1.dll

dbghelp: loaded successfully - version: 4.0.5 - missing functions: none
symbol engine: initialized successfully - sym options: 0x614 - pdb path: .;C:\Program Files\Java\jdk-10.0.2\bin;C:\WINDOWS\SYSTEM32;C:\WINDOWS\WinSxS\amd64_microsoft.windows.common-controls_6595b64144ccf1df_6.0.17134.228_none_fb4599993062b194;C:\Program Files\Java\jdk-10.0.2\bin\server

VM Arguments:
jvm_args: -agentlib:jdwp=transport=dt_socket,address=127.0.0.1:58511,suspend=y,server=n -ea -Didea.test.cyclic.buffer.size=1048576 -javaagent:C:\Users\Paderina_L\.IdeaIC2018.2\system\captureAgent\debugger-agent.jar=file:/C:/Users/Paderina_L/AppData/Local/Temp/capture.props -Dfile.encoding=UTF-8 
java_command: org.testng.RemoteTestNGStarter -usedefaultlisteners false -socket58510 @w@C:\Users\Paderina_L\AppData\Local\Temp\idea_working_dirs_testng1.tmp -temp C:\Users\Paderina_L\AppData\Local\Temp\idea_testng1.tmp
java_class_path (initial): C:\Program Files\JetBrains\IntelliJ IDEA Community Edition 2018.2.4\lib\idea_rt.jar;C:\Program Files\JetBrains\IntelliJ IDEA Community Edition 2018.2.4\plugins\testng\lib\testng-plugin.jar;C:\Users\Paderina_L\IdeaProjects\Selenium\target\test-classes;C:\Users\Paderina_L\IdeaProjects\Selenium\target\classes;C:\Users\Paderina_L\.m2\repository\org\seleniumhq\selenium\selenium-java\3.14.0\selenium-java-3.14.0.jar;C:\Users\Paderina_L\.m2\repository\org\seleniumhq\selenium\selenium-api\3.14.0\selenium-api-3.14.0.jar;C:\Users\Paderina_L\.m2\repository\org\seleniumhq\selenium\selenium-chrome-driver\3.14.0\selenium-chrome-driver-3.14.0.jar;C:\Users\Paderina_L\.m2\repository\org\seleniumhq\selenium\selenium-edge-driver\3.14.0\selenium-edge-driver-3.14.0.jar;C:\Users\Paderina_L\.m2\repository\org\seleniumhq\selenium\selenium-firefox-driver\3.14.0\selenium-firefox-driver-3.14.0.jar;C:\Users\Paderina_L\.m2\repository\org\seleniumhq\selenium\selenium-ie-driver\3.14.0\selenium-ie-driver-3.14.0.jar;C:\Users\Paderina_L\.m2\repository\org\seleniumhq\selenium\selenium-opera-driver\3.14.0\selenium-opera-driver-3.14.0.jar;C:\Users\Paderina_L\.m2\repository\org\seleniumhq\selenium\selenium-remote-driver\3.14.0\selenium-remote-driver-3.14.0.jar;C:\Users\Paderina_L\.m2\repository\org\seleniumhq\selenium\selenium-safari-driver\3.14.0\selenium-safari-driver-3.14.0.jar;C:\Users\Paderina_L\.m2\repository\org\seleniumhq\selenium\selenium-support\3.14.0\selenium-support-3.14.0.jar;C:\Users\Paderina_L\.m2\repository\net\bytebuddy\byte-buddy\1.8.15\byte-buddy-1.8.15.jar;C:\Users\Paderina_L\.m2\repository\org\apache\commons\commons-exec\1.3\commons-exec-1.3.jar;C:\Users\Paderina_L\.m2\repository\commons-codec\commons-codec\1.10\commons-codec-1.10.jar;C:\Users\Paderina_L\.m2\repository\commons-logging\commons-logging\1.2\commons-logging-1.2.jar;C:\Users\Paderina_L\.m2\repository\com\google\guava\guava\25.0-jre\guava-25.0-jre.jar;C:\Users\Paderina_L\.m2\repository\com\goo
Launcher Type: SUN_STANDARD

Logging:
Log output configuration:
#0: stdout all=warning uptime,level,tags
#1: stderr all=off uptime,level,tags

Environment Variables:
PATH=C:\Program Files (x86)\Common Files\Oracle\Java\javapath;C:\Program Files (x86)\Intel\iCLS Client\;C:\Program Files (x86)\IBM\Trace Facility\;C:\Program Files (x86)\IBM\Personal Communications\;C:\Program Files\Intel\iCLS Client\;C:\WINDOWS\system32;C:\WINDOWS;C:\WINDOWS\System32\Wbem;C:\WINDOWS\System32\WindowsPowerShell\v1.0\;C:\Program Files (x86)\Intel\Intel(R) Management Engine Components\DAL;C:\Program Files\Intel\Intel(R) Management Engine Components\DAL;C:\Program Files (x86)\Intel\Intel(R) Management Engine Components\IPT;C:\Program Files\Intel\Intel(R) Management Engine Components\IPT;C:\WINDOWS\System32\OpenSSH\;C:\Program Files (x86)\Sennheiser\SoftphoneSDK\;C:\Users\Paderina_L\drivers;C:\Users\Paderina_L\AppData\Local\Microsoft\WindowsApps;
USERNAME=Timofeeva_L
OS=Windows_NT
PROCESSOR_IDENTIFIER=Intel64 Family 6 Model 158 Stepping 9, GenuineIntel



---------------  S Y S T E M  ---------------

OS: Windows 10 , 64 bit Build 17134 (10.0.17134.1)

CPU:total 8 (initial active 8) (4 cores per cpu, 2 threads per core) family 6 model 158 stepping 9, cmov, cx8, fxsr, mmx, sse, sse2, sse3, ssse3, sse4.1, sse4.2, popcnt, avx, avx2, aes, clmul, erms, rtm, 3dnowpref, lzcnt, ht, tsc, tscinvbit, bmi1, bmi2, adx, fma

Memory: 4k page, physical 16666608k(4611512k free), swap 24361420k(2989604k free)

vm_info: Java HotSpot(TM) 64-Bit Server VM (10.0.2+13) for windows-amd64 JRE (10.0.2+13), built on Jun 28 2018 01:57:56 by "mach5one" with MS VC++ 12.0 (VS2013)

END.
